<?xml version="1.0" encoding="UTF-8"?>
  <testsuite name="Kubernete-E2E-suite" tests="4" failures="1" errors="0" time="0.001">
      <testcase name="1PersonIsChild() When the person is child returns True" classname="Kubernete-E2E-suite" time="1.2292e-05">
          <failure type="Failure">/home/psinghal/ginkgotutorialOldVersion/testing2/testing_suite_test.go:52&#xA;You may only call It from within a Describe, Context or When&#xA;/home/psinghal/ginkgotutorialOldVersion/testing2/testing_suite_test.go:52</failure>
      </testcase>
      <testcase name="1PersonIsChild() When the person is NOT a child returns True" classname="Kubernete-E2E-suite" time="4.175e-06"></testcase>
      <testcase name="1PersonIsChild() When the person is child returns True" classname="Kubernete-E2E-suite" time="1.0062e-05"></testcase>
      <testcase name="1PersonIsChild() When the person is NOT a child returns True" classname="Kubernete-E2E-suite" time="2.615e-06"></testcase>
  </testsuite>